2026-04-05 11:25:25,512 - INFO - ⚙️ Sử dụng thiết bị: CPU
2026-04-05 11:25:25,894 - INFO - ⏳ Đang tải mô hình Dense (intfloat/multilingual-e5-large)...
2026-04-05 11:25:25,897 - INFO - Load pretrained SentenceTransformer: intfloat/multilingual-e5-large
2026-04-05 11:25:26,233 - INFO - HTTP Request: GET http://localhost:6333 "HTTP/1.1 200 OK"
2026-04-05 11:25:31,680 - INFO - ✅ Mô hình Dense loaded, kích thước vector: 1024
2026-04-05 11:25:31,681 - INFO - ⏳ Đang tải mô hình Sparse (Qdrant/bm25 via FastEmbed)...
2026-04-05 11:25:39,527 - INFO - ✅ Mô hình Sparse loaded thành công.
2026-04-05 11:25:39,556 - INFO - HTTP Request: GET http://localhost:6333/collections/thesis_chunks_v3/exists "HTTP/1.1 200 OK"
2026-04-05 11:25:40,089 - INFO - HTTP Request: PUT http://localhost:6333/collections/thesis_chunks_v3 "HTTP/1.1 200 OK"
2026-04-05 11:25:40,091 - INFO - ✅ Đã tạo chunks collection (Hybrid): thesis_chunks_v3
2026-04-05 11:25:41,323 - INFO - HTTP Request: PUT http://localhost:6333/collections/thesis_chunks_v3/index?wait=true "HTTP/1.1 200 OK"
2026-04-05 11:25:41,324 - INFO -    📌 Tạo index cho metadata.year
2026-04-05 11:25:42,251 - INFO - HTTP Request: PUT http://localhost:6333/collections/thesis_chunks_v3/index?wait=true "HTTP/1.1 200 OK"
2026-04-05 11:25:42,251 - INFO -    📌 Tạo index cho metadata.major
2026-04-05 11:25:43,181 - INFO - HTTP Request: PUT http://localhost:6333/collections/thesis_chunks_v3/index?wait=true "HTTP/1.1 200 OK"
2026-04-05 11:25:43,182 - INFO -    📌 Tạo index cho metadata.standard_major
2026-04-05 11:25:44,131 - INFO - HTTP Request: PUT http://localhost:6333/collections/thesis_chunks_v3/index?wait=true "HTTP/1.1 200 OK"
2026-04-05 11:25:44,132 - INFO -    📌 Tạo index cho metadata.file_name
2026-04-05 11:25:45,083 - INFO - HTTP Request: PUT http://localhost:6333/collections/thesis_chunks_v3/index?wait=true "HTTP/1.1 200 OK"
2026-04-05 11:25:45,084 - INFO -    📌 Tạo index cho chunk_id
2026-04-05 11:25:45,084 - INFO - 🚀 Bắt đầu nạp 4 file luận văn vào Qdrant (Chunks)...
2026-04-05 11:29:23,907 - INFO - HTTP Request: PUT http://localhost:6333/collections/thesis_chunks_v3/points?wait=false "HTTP/1.1 200 OK"
2026-04-05 11:29:24,211 - INFO - HTTP Request: PUT http://localhost:6333/collections/thesis_chunks_v3/points?wait=false "HTTP/1.1 200 OK"
2026-04-05 11:33:09,964 - INFO - HTTP Request: PUT http://localhost:6333/collections/thesis_chunks_v3/points?wait=false "HTTP/1.1 200 OK"
2026-04-05 11:33:10,143 - INFO - HTTP Request: PUT http://localhost:6333/collections/thesis_chunks_v3/points?wait=false "HTTP/1.1 200 OK"
2026-04-05 11:36:14,794 - INFO - HTTP Request: PUT http://localhost:6333/collections/thesis_chunks_v3/points?wait=false "HTTP/1.1 200 OK"
2026-04-05 11:36:14,907 - INFO - HTTP Request: PUT http://localhost:6333/collections/thesis_chunks_v3/points?wait=false "HTTP/1.1 200 OK"
2026-04-05 11:42:43,415 - INFO - HTTP Request: PUT http://localhost:6333/collections/thesis_chunks_v3/points?wait=false "HTTP/1.1 200 OK"
2026-04-05 11:42:43,788 - INFO - HTTP Request: PUT http://localhost:6333/collections/thesis_chunks_v3/points?wait=false "HTTP/1.1 200 OK"
2026-04-05 11:42:43,983 - INFO - HTTP Request: PUT http://localhost:6333/collections/thesis_chunks_v3/points?wait=false "HTTP/1.1 200 OK"
2026-04-05 11:42:43,985 - INFO - 🎉 Hoàn tất upload chunks vào collection 'thesis_chunks_v3'.
2026-04-05 11:42:43,994 - INFO - HTTP Request: GET http://localhost:6333/collections/thesis_documents_v3/exists "HTTP/1.1 200 OK"
2026-04-05 11:42:44,525 - INFO - HTTP Request: PUT http://localhost:6333/collections/thesis_documents_v3 "HTTP/1.1 200 OK"
2026-04-05 11:42:44,525 - INFO - ✅ Đã tạo document collection: thesis_documents_v3
2026-04-05 11:42:46,003 - INFO - HTTP Request: PUT http://localhost:6333/collections/thesis_documents_v3/index?wait=true "HTTP/1.1 200 OK"
2026-04-05 11:42:46,003 - INFO -    📌 Tạo index cho metadata.year
2026-04-05 11:42:47,178 - INFO - HTTP Request: PUT http://localhost:6333/collections/thesis_documents_v3/index?wait=true "HTTP/1.1 200 OK"
2026-04-05 11:42:47,178 - INFO -    📌 Tạo index cho metadata.major
2026-04-05 11:42:48,221 - INFO - HTTP Request: PUT http://localhost:6333/collections/thesis_documents_v3/index?wait=true "HTTP/1.1 200 OK"
2026-04-05 11:42:48,221 - INFO -    📌 Tạo index cho metadata.standard_major
2026-04-05 11:42:49,296 - INFO - HTTP Request: PUT http://localhost:6333/collections/thesis_documents_v3/index?wait=true "HTTP/1.1 200 OK"
2026-04-05 11:42:49,297 - INFO -    📌 Tạo index cho metadata.file_name
2026-04-05 11:42:50,460 - INFO - HTTP Request: PUT http://localhost:6333/collections/thesis_documents_v3/index?wait=true "HTTP/1.1 200 OK"
2026-04-05 11:42:50,460 - INFO -    📌 Tạo index cho chunk_id
2026-04-05 11:42:50,735 - INFO - 📚 Tạo vector cho 15 luận văn...
2026-04-05 11:42:58,294 - INFO - HTTP Request: PUT http://localhost:6333/collections/thesis_documents_v3/points?wait=false "HTTP/1.1 200 OK"
2026-04-05 11:42:58,295 - INFO - ✅ Đã upload 15 document vectors vào 'thesis_documents_v3'.
2026-04-05 11:42:58,295 - INFO - ⏱️ Tổng thời gian thực hiện: 17.31 phút.
2026-04-05 15:01:25,855 - INFO - ⚙️ Sử dụng thiết bị: CPU
2026-04-05 15:01:26,272 - INFO - ⏳ Đang tải mô hình Dense (intfloat/multilingual-e5-large)...
2026-04-05 15:01:26,276 - INFO - Load pretrained SentenceTransformer: intfloat/multilingual-e5-large
2026-04-05 15:01:26,673 - INFO - HTTP Request: GET http://localhost:6333 "HTTP/1.1 200 OK"
2026-04-05 15:01:32,862 - INFO - ✅ Mô hình Dense loaded, kích thước vector: 1024
2026-04-05 15:01:32,862 - INFO - ⏳ Đang tải mô hình Sparse (Qdrant/bm25 via FastEmbed)...
2026-04-05 15:01:33,087 - INFO - ✅ Mô hình Sparse loaded thành công.
2026-04-05 15:01:33,117 - INFO - HTTP Request: GET http://localhost:6333/collections/thesis_chunks_v3/exists "HTTP/1.1 200 OK"
2026-04-05 15:01:33,119 - INFO - ℹ️ Collection 'thesis_chunks_v3' đã tồn tại.
2026-04-05 15:01:33,189 - INFO - HTTP Request: PUT http://localhost:6333/collections/thesis_chunks_v3/index?wait=true "HTTP/1.1 200 OK"
2026-04-05 15:01:33,191 - INFO -    📌 Tạo index cho metadata.year
2026-04-05 15:01:33,246 - INFO - HTTP Request: PUT http://localhost:6333/collections/thesis_chunks_v3/index?wait=true "HTTP/1.1 200 OK"
2026-04-05 15:01:33,247 - INFO -    📌 Tạo index cho metadata.major
2026-04-05 15:01:33,278 - INFO - HTTP Request: PUT http://localhost:6333/collections/thesis_chunks_v3/index?wait=true "HTTP/1.1 200 OK"
2026-04-05 15:01:33,279 - INFO -    📌 Tạo index cho metadata.standard_major
2026-04-05 15:01:33,310 - INFO - HTTP Request: PUT http://localhost:6333/collections/thesis_chunks_v3/index?wait=true "HTTP/1.1 200 OK"
2026-04-05 15:01:33,310 - INFO -    📌 Tạo index cho metadata.file_name
2026-04-05 15:01:33,342 - INFO - HTTP Request: PUT http://localhost:6333/collections/thesis_chunks_v3/index?wait=true "HTTP/1.1 200 OK"
2026-04-05 15:01:33,343 - INFO -    📌 Tạo index cho chunk_id
2026-04-05 15:01:33,344 - INFO - 🚀 Bắt đầu nạp 9 file luận văn vào Qdrant (Chunks)...
2026-04-05 15:05:38,421 - INFO - HTTP Request: PUT http://localhost:6333/collections/thesis_chunks_v3/points?wait=false "HTTP/1.1 200 OK"
2026-04-05 15:05:38,632 - INFO - HTTP Request: PUT http://localhost:6333/collections/thesis_chunks_v3/points?wait=false "HTTP/1.1 200 OK"
2026-04-05 15:11:27,681 - INFO - HTTP Request: PUT http://localhost:6333/collections/thesis_chunks_v3/points?wait=false "HTTP/1.1 200 OK"
2026-04-05 15:11:28,224 - INFO - HTTP Request: PUT http://localhost:6333/collections/thesis_chunks_v3/points?wait=false "HTTP/1.1 200 OK"
2026-04-05 15:14:10,101 - INFO - HTTP Request: PUT http://localhost:6333/collections/thesis_chunks_v3/points?wait=false "HTTP/1.1 200 OK"
2026-04-05 15:18:18,347 - INFO - HTTP Request: PUT http://localhost:6333/collections/thesis_chunks_v3/points?wait=false "HTTP/1.1 200 OK"
2026-04-05 15:18:18,643 - INFO - HTTP Request: PUT http://localhost:6333/collections/thesis_chunks_v3/points?wait=false "HTTP/1.1 200 OK"
2026-04-05 15:22:47,899 - INFO - HTTP Request: PUT http://localhost:6333/collections/thesis_chunks_v3/points?wait=false "HTTP/1.1 200 OK"
2026-04-05 15:22:48,223 - INFO - HTTP Request: PUT http://localhost:6333/collections/thesis_chunks_v3/points?wait=false "HTTP/1.1 200 OK"
2026-04-05 15:26:18,783 - INFO - HTTP Request: PUT http://localhost:6333/collections/thesis_chunks_v3/points?wait=false "HTTP/1.1 200 OK"
2026-04-05 15:26:18,997 - INFO - HTTP Request: PUT http://localhost:6333/collections/thesis_chunks_v3/points?wait=false "HTTP/1.1 200 OK"
2026-04-05 15:29:16,876 - INFO - HTTP Request: PUT http://localhost:6333/collections/thesis_chunks_v3/points?wait=false "HTTP/1.1 200 OK"
2026-04-05 15:29:16,943 - INFO - HTTP Request: PUT http://localhost:6333/collections/thesis_chunks_v3/points?wait=false "HTTP/1.1 200 OK"
2026-04-05 15:33:58,853 - INFO - ⚙️ Sử dụng thiết bị: CPU
2026-04-05 15:33:59,304 - INFO - ⏳ Đang tải mô hình Dense (intfloat/multilingual-e5-large)...
2026-04-05 15:33:59,308 - INFO - Load pretrained SentenceTransformer: intfloat/multilingual-e5-large
2026-04-05 15:33:59,679 - INFO - HTTP Request: GET http://localhost:6333 "HTTP/1.1 200 OK"
2026-04-05 15:34:05,186 - INFO - ✅ Mô hình Dense loaded, kích thước vector: 1024
2026-04-05 15:34:05,186 - INFO - ⏳ Đang tải mô hình Sparse (Qdrant/bm25 via FastEmbed)...
2026-04-05 15:34:05,381 - INFO - ✅ Mô hình Sparse loaded thành công.
2026-04-05 15:34:05,397 - INFO - HTTP Request: GET http://localhost:6333/collections/thesis_chunks_v3/exists "HTTP/1.1 200 OK"
2026-04-05 15:34:05,933 - INFO - HTTP Request: PUT http://localhost:6333/collections/thesis_chunks_v3 "HTTP/1.1 200 OK"
2026-04-05 15:34:05,934 - INFO - ✅ Đã tạo chunks collection (Hybrid): thesis_chunks_v3
2026-04-05 15:34:07,136 - INFO - HTTP Request: PUT http://localhost:6333/collections/thesis_chunks_v3/index?wait=true "HTTP/1.1 200 OK"
2026-04-05 15:34:07,137 - INFO -    📌 Tạo index cho metadata.year
2026-04-05 15:34:08,046 - INFO - HTTP Request: PUT http://localhost:6333/collections/thesis_chunks_v3/index?wait=true "HTTP/1.1 200 OK"
2026-04-05 15:34:08,047 - INFO -    📌 Tạo index cho metadata.major
2026-04-05 15:34:08,980 - INFO - HTTP Request: PUT http://localhost:6333/collections/thesis_chunks_v3/index?wait=true "HTTP/1.1 200 OK"
2026-04-05 15:34:08,980 - INFO -    📌 Tạo index cho metadata.standard_major
2026-04-05 15:34:10,035 - INFO - HTTP Request: PUT http://localhost:6333/collections/thesis_chunks_v3/index?wait=true "HTTP/1.1 200 OK"
2026-04-05 15:34:10,036 - INFO -    📌 Tạo index cho metadata.file_name
2026-04-05 15:34:11,170 - INFO - HTTP Request: PUT http://localhost:6333/collections/thesis_chunks_v3/index?wait=true "HTTP/1.1 200 OK"
2026-04-05 15:34:11,171 - INFO -    📌 Tạo index cho chunk_id
2026-04-05 15:34:11,171 - INFO - 🚀 Bắt đầu nạp 9 file luận văn vào Qdrant (Chunks)...
2026-04-05 15:37:40,129 - INFO - HTTP Request: PUT http://localhost:6333/collections/thesis_chunks_v3/points?wait=false "HTTP/1.1 200 OK"
2026-04-05 15:37:40,253 - INFO - HTTP Request: PUT http://localhost:6333/collections/thesis_chunks_v3/points?wait=false "HTTP/1.1 200 OK"
2026-04-05 15:42:00,044 - INFO - HTTP Request: PUT http://localhost:6333/collections/thesis_chunks_v3/points?wait=false "HTTP/1.1 200 OK"
2026-04-05 15:42:00,353 - INFO - HTTP Request: PUT http://localhost:6333/collections/thesis_chunks_v3/points?wait=false "HTTP/1.1 200 OK"
2026-04-05 15:44:12,297 - INFO - HTTP Request: PUT http://localhost:6333/collections/thesis_chunks_v3/points?wait=false "HTTP/1.1 200 OK"
2026-04-05 15:48:25,741 - INFO - HTTP Request: PUT http://localhost:6333/collections/thesis_chunks_v3/points?wait=false "HTTP/1.1 200 OK"
2026-04-05 15:48:26,003 - INFO - HTTP Request: PUT http://localhost:6333/collections/thesis_chunks_v3/points?wait=false "HTTP/1.1 200 OK"
2026-04-05 15:52:55,599 - INFO - HTTP Request: PUT http://localhost:6333/collections/thesis_chunks_v3/points?wait=false "HTTP/1.1 200 OK"
2026-04-05 15:52:55,862 - INFO - HTTP Request: PUT http://localhost:6333/collections/thesis_chunks_v3/points?wait=false "HTTP/1.1 200 OK"
2026-04-05 15:56:40,726 - INFO - HTTP Request: PUT http://localhost:6333/collections/thesis_chunks_v3/points?wait=false "HTTP/1.1 200 OK"
2026-04-05 15:56:40,886 - INFO - HTTP Request: PUT http://localhost:6333/collections/thesis_chunks_v3/points?wait=false "HTTP/1.1 200 OK"
2026-04-05 15:59:31,888 - INFO - HTTP Request: PUT http://localhost:6333/collections/thesis_chunks_v3/points?wait=false "HTTP/1.1 200 OK"
2026-04-05 15:59:31,950 - INFO - HTTP Request: PUT http://localhost:6333/collections/thesis_chunks_v3/points?wait=false "HTTP/1.1 200 OK"
2026-04-05 16:04:04,086 - INFO - HTTP Request: PUT http://localhost:6333/collections/thesis_chunks_v3/points?wait=false "HTTP/1.1 200 OK"
2026-04-05 16:04:04,326 - INFO - HTTP Request: PUT http://localhost:6333/collections/thesis_chunks_v3/points?wait=false "HTTP/1.1 200 OK"
2026-04-05 16:10:31,070 - INFO - HTTP Request: PUT http://localhost:6333/collections/thesis_chunks_v3/points?wait=false "HTTP/1.1 200 OK"
2026-04-05 16:10:31,410 - INFO - HTTP Request: PUT http://localhost:6333/collections/thesis_chunks_v3/points?wait=false "HTTP/1.1 200 OK"
2026-04-05 16:10:31,614 - INFO - HTTP Request: PUT http://localhost:6333/collections/thesis_chunks_v3/points?wait=false "HTTP/1.1 200 OK"
2026-04-05 16:10:31,616 - INFO - 🎉 Hoàn tất upload chunks vào collection 'thesis_chunks_v3'.
2026-04-05 16:10:31,626 - INFO - HTTP Request: GET http://localhost:6333/collections/thesis_documents_v3/exists "HTTP/1.1 200 OK"
2026-04-05 16:10:32,187 - INFO - HTTP Request: PUT http://localhost:6333/collections/thesis_documents_v3 "HTTP/1.1 200 OK"
2026-04-05 16:10:32,188 - INFO - ✅ Đã tạo document collection: thesis_documents_v3
2026-04-05 16:10:33,562 - INFO - HTTP Request: PUT http://localhost:6333/collections/thesis_documents_v3/index?wait=true "HTTP/1.1 200 OK"
2026-04-05 16:10:33,563 - INFO -    📌 Tạo index cho metadata.year
2026-04-05 16:10:34,735 - INFO - HTTP Request: PUT http://localhost:6333/collections/thesis_documents_v3/index?wait=true "HTTP/1.1 200 OK"
2026-04-05 16:10:34,736 - INFO -    📌 Tạo index cho metadata.major
2026-04-05 16:10:35,792 - INFO - HTTP Request: PUT http://localhost:6333/collections/thesis_documents_v3/index?wait=true "HTTP/1.1 200 OK"
2026-04-05 16:10:35,793 - INFO -    📌 Tạo index cho metadata.standard_major
2026-04-05 16:10:36,990 - INFO - HTTP Request: PUT http://localhost:6333/collections/thesis_documents_v3/index?wait=true "HTTP/1.1 200 OK"
2026-04-05 16:10:36,991 - INFO -    📌 Tạo index cho metadata.file_name
2026-04-05 16:10:38,123 - INFO - HTTP Request: PUT http://localhost:6333/collections/thesis_documents_v3/index?wait=true "HTTP/1.1 200 OK"
2026-04-05 16:10:38,124 - INFO -    📌 Tạo index cho chunk_id
2026-04-05 16:10:38,431 - INFO - 📚 Tạo vector cho 15 luận văn...
2026-04-05 16:10:46,444 - INFO - HTTP Request: PUT http://localhost:6333/collections/thesis_documents_v3/points?wait=false "HTTP/1.1 200 OK"
2026-04-05 16:10:46,445 - INFO - ✅ Đã upload 15 document vectors vào 'thesis_documents_v3'.
2026-04-05 16:10:46,445 - INFO - ⏱️ Tổng thời gian thực hiện: 36.68 phút.
